<?xml version="1.0" encoding="UTF-8"?>
<!-- Generated by org.testng.reporters.JUnitReportReporter -->
<testsuite hostname="INH-LT138" failures="0" tests="1" name="cloud.tests.CoreHR.HiringEmployeesITC_Test" time="84.501" errors="0" timestamp="04 Mar 2020 09:08:58 GMT" skipped="0">
  <testcase classname="cloud.tests.CoreHR.HiringEmployeesITC_Test" name="executeTest" time="84.501"/>
</testsuite> <!-- cloud.tests.CoreHR.HiringEmployeesITC_Test -->
