<?xml version="1.0" encoding="UTF-8"?>
<!-- Generated by org.testng.reporters.JUnitReportReporter -->
<testsuite hostname="INH-LT138" failures="0" tests="1" name="cloud.tests.CoreHR.ManageEnterpriseHCMInformationITC_Test" time="388.528" errors="0" timestamp="02 Apr 2020 11:48:16 GMT" skipped="0">
  <testcase classname="cloud.tests.CoreHR.ManageEnterpriseHCMInformationITC_Test" name="executeTest" time="388.528"/>
</testsuite> <!-- cloud.tests.CoreHR.ManageEnterpriseHCMInformationITC_Test -->
