<?xml version="1.0" encoding="UTF-8"?>
<!-- Generated by org.testng.reporters.JUnitReportReporter -->
<testsuite hostname="INH-LT138" failures="0" tests="1" name="cloud.tests.CoreHR.CreatingCalendarEventsITC_Test" time="105.115" errors="0" timestamp="24 Feb 2020 09:40:43 GMT" skipped="0">
  <testcase classname="cloud.tests.CoreHR.CreatingCalendarEventsITC_Test" name="executeTest" time="105.115"/>
</testsuite> <!-- cloud.tests.CoreHR.CreatingCalendarEventsITC_Test -->
