<?xml version="1.0" encoding="UTF-8"?>
<!-- Generated by org.testng.reporters.JUnitReportReporter -->
<testsuite hostname="INH-LT138" failures="0" tests="1" name="cloud.tests.CoreHR.CreatingDivisionsITC_Test" time="58.771" errors="0" timestamp="20 Feb 2020 14:15:32 GMT" skipped="0">
  <testcase classname="cloud.tests.CoreHR.CreatingDivisionsITC_Test" name="executeTest" time="58.771"/>
</testsuite> <!-- cloud.tests.CoreHR.CreatingDivisionsITC_Test -->
