<?xml version="1.0" encoding="UTF-8"?>
<!-- Generated by org.testng.reporters.JUnitReportReporter -->
<testsuite hostname="INH-LT138" failures="0" tests="1" name="cloud.tests.CoreHR.ManagingWorkRelatioshipsITC_Test" time="152.224" errors="0" timestamp="25 Feb 2020 12:07:21 GMT" skipped="0">
  <testcase classname="cloud.tests.CoreHR.ManagingWorkRelatioshipsITC_Test" name="executeTest" time="152.224"/>
</testsuite> <!-- cloud.tests.CoreHR.ManagingWorkRelatioshipsITC_Test -->
