<?xml version="1.0" encoding="UTF-8"?>
<!-- Generated by org.testng.reporters.JUnitReportReporter -->
<testsuite skipped="0" hostname="INH-LT71" name="cloud.tests.HCM.CreatingDepartmentsITC_Test" tests="1" failures="0" timestamp="2020-01-24T15:09:06 IST" time="694.727" errors="0">
  <testcase name="executeTest" time="694.727" classname="cloud.tests.HCM.CreatingDepartmentsITC_Test"/>
</testsuite> <!-- cloud.tests.HCM.CreatingDepartmentsITC_Test -->
