<?xml version="1.0" encoding="UTF-8"?>
<!-- Generated by org.testng.reporters.JUnitReportReporter -->
<testsuite skipped="1" hostname="INH-LT138" name="cloud.tests.AR.ARCreateTransaction" tests="1" failures="0" timestamp="23 Jan 2020 12:02:10 GMT" time="0.000" errors="0">
  <testcase name="run" time="0.000" classname="cloud.tests.AR.ARCreateTransaction">
    <skipped/>
  </testcase> <!-- run -->
</testsuite> <!-- cloud.tests.AR.ARCreateTransaction -->
