<?xml version="1.0" encoding="UTF-8"?>
<!-- Generated by org.testng.reporters.JUnitReportReporter -->
<testsuite hostname="INH-LT138" failures="0" tests="1" name="cloud.tests.CoreHR.EndingAssignmentsITC_Test" time="88.994" errors="0" timestamp="23 Mar 2020 09:56:33 GMT" skipped="0">
  <testcase classname="cloud.tests.CoreHR.EndingAssignmentsITC_Test" name="executeTest" time="88.994"/>
</testsuite> <!-- cloud.tests.CoreHR.EndingAssignmentsITC_Test -->
