<?xml version="1.0" encoding="UTF-8"?>
<!-- Generated by org.testng.reporters.JUnitReportReporter -->
<testsuite hostname="INH-LT138" failures="0" tests="1" name="cloud.tests.CoreHR.CreatingAssignmentStatusesITC_Test" time="71.317" errors="0" timestamp="20 Feb 2020 07:54:13 GMT" skipped="0">
  <testcase classname="cloud.tests.CoreHR.CreatingAssignmentStatusesITC_Test" name="executeTest" time="71.317"/>
</testsuite> <!-- cloud.tests.CoreHR.CreatingAssignmentStatusesITC_Test -->
