<?xml version="1.0" encoding="UTF-8"?>
<!-- Generated by org.testng.reporters.JUnitReportReporter -->
<testsuite hostname="INH-LT138" failures="0" tests="1" name="cloud.tests.CoreHR.ManagingEmploymentInformationITC_Test" time="103.654" errors="0" timestamp="23 Mar 2020 13:34:55 GMT" skipped="0">
  <testcase classname="cloud.tests.CoreHR.ManagingEmploymentInformationITC_Test" name="executeTest" time="103.654"/>
</testsuite> <!-- cloud.tests.CoreHR.ManagingEmploymentInformationITC_Test -->
