<?xml version="1.0" encoding="UTF-8"?>
<!-- Generated by org.testng.reporters.JUnitReportReporter -->
<testsuite hostname="INH-LT138" failures="0" tests="1" name="cloud.tests.CoreHR.AddingAssignmentsITC_Test" time="109.514" errors="0" timestamp="03 Mar 2020 14:39:01 GMT" skipped="0">
  <testcase classname="cloud.tests.CoreHR.AddingAssignmentsITC_Test" name="executeTest" time="109.514"/>
</testsuite> <!-- cloud.tests.CoreHR.AddingAssignmentsITC_Test -->
