<?xml version="1.0" encoding="UTF-8"?>
<!-- Generated by org.testng.reporters.JUnitReportReporter -->
<testsuite hostname="INH-LT138" failures="0" tests="1" name="cloud.tests.AR.ApplyingAStandardReceiptITC_Test" time="185.846" errors="0" timestamp="11 Mar 2020 14:20:56 GMT" skipped="0">
  <testcase classname="cloud.tests.AR.ApplyingAStandardReceiptITC_Test" name="executeTest" time="185.846"/>
</testsuite> <!-- cloud.tests.AR.ApplyingAStandardReceiptITC_Test -->
