<?xml version="1.0" encoding="UTF-8"?>
<!-- Generated by org.testng.reporters.JUnitReportReporter -->
<testsuite hostname="INH-LT138" failures="0" tests="1" name="cloud.tests.CoreHR.CoreHRE2E01ITC_Test" time="282.291" errors="0" timestamp="23 Mar 2020 11:09:12 GMT" skipped="0">
  <testcase classname="cloud.tests.CoreHR.CoreHRE2E01ITC_Test" name="executeTest" time="282.291"/>
</testsuite> <!-- cloud.tests.CoreHR.CoreHRE2E01ITC_Test -->
