<?xml version="1.0" encoding="UTF-8"?>
<!-- Generated by org.testng.reporters.JUnitReportReporter -->
<testsuite hostname="INH-LT138" failures="0" tests="1" name="cloud.tests.CoreHR.CreatingJobsITC_Test" time="204.941" errors="0" timestamp="03 Mar 2020 14:03:09 GMT" skipped="0">
  <testcase classname="cloud.tests.CoreHR.CreatingJobsITC_Test" name="executeTest" time="204.941"/>
</testsuite> <!-- cloud.tests.CoreHR.CreatingJobsITC_Test -->
